<?xml version="1.0" encoding="UTF-8"?>
<!-- Generated by org.testng.reporters.JUnitReportReporter -->
<testsuite hostname="DESKTOP-O23K88N" failures="0" tests="1" name="alert.AlertTests" time="0.504" errors="0" timestamp="31 Jan 2024 05:27:22 GMT" skipped="0">
  <testcase classname="alert.AlertTests" name="testAlert" time="0.504"/>
</testsuite> <!-- alert.AlertTests -->
